0 info it worked if it ends with ok
1 verbose cli [ '/usr/local/bin/iojs', '/usr/local/bin/npm', 'publish' ]
2 info using npm@3.3.12
3 info using node@v5.3.0
4 verbose publish [ '.' ]
5 silly cache add args [ '.', null ]
6 verbose cache add spec .
7 silly cache add parsed spec Result {
7 silly cache add   raw: '.',
7 silly cache add   scope: null,
7 silly cache add   name: null,
7 silly cache add   rawSpec: '.',
7 silly cache add   spec: '/Users/wski/GitHub/teensy',
7 silly cache add   type: 'directory' }
8 verbose addLocalDirectory /Users/wski/.npm/teensy/1.0.0/package.tgz not in flight; packing
9 info lifecycle teensy@1.0.0~prepublish: teensy@1.0.0
10 silly lifecycle teensy@1.0.0~prepublish: no script for prepublish, continuing
11 verbose tar pack [ '/Users/wski/.npm/teensy/1.0.0/package.tgz',
11 verbose tar pack   '/Users/wski/GitHub/teensy' ]
12 verbose tarball /Users/wski/.npm/teensy/1.0.0/package.tgz
13 verbose folder /Users/wski/GitHub/teensy
14 verbose addLocalTarball adding from inside cache /Users/wski/.npm/teensy/1.0.0/package.tgz
15 silly cache afterAdd teensy@1.0.0
16 verbose afterAdd /Users/wski/.npm/teensy/1.0.0/package/package.json not in flight; writing
17 verbose afterAdd /Users/wski/.npm/teensy/1.0.0/package/package.json written
18 silly publish { name: 'teensy',
18 silly publish   version: '1.0.0',
18 silly publish   description: 'Teensy is a very small flatfile DB.',
18 silly publish   main: 'index.js',
18 silly publish   scripts: { test: 'echo "Error: no test specified" && exit 1' },
18 silly publish   repository: { type: 'git', url: 'https://github.com/wski/teensy' },
18 silly publish   author: { name: 'wski', email: 'contact.mattdylan@gmail.com' },
18 silly publish   license: 'ISC',
18 silly publish   bugs: { url: 'https://github.com/wski/teensy/issues' },
18 silly publish   homepage: 'https://github.com/wski/teensy',
18 silly publish   gitHead: 'cfeb40a8fb6186f4818b099318897b7351ad326b',
18 silly publish   readme: 'ERROR: No README data found!',
18 silly publish   _id: 'teensy@1.0.0',
18 silly publish   _shasum: '16ea40ec26fafd8ab1072d42e9097e91eaccbaeb',
18 silly publish   _from: '.' }
19 verbose getPublishConfig undefined
20 silly mapToRegistry name teensy
21 silly mapToRegistry using default registry
22 silly mapToRegistry registry https://registry.npmjs.org/
23 silly mapToRegistry uri https://registry.npmjs.org/teensy
24 verbose publish registryBase https://registry.npmjs.org/
25 silly publish uploading /Users/wski/.npm/teensy/1.0.0/package.tgz
26 verbose request uri https://registry.npmjs.org/teensy
27 verbose request sending authorization for write operation
28 info attempt registry request try #1 at 4:57:43 PM
29 verbose request using bearer token for auth
30 verbose request id 732ed8c87c42c6ea
31 http request PUT https://registry.npmjs.org/teensy
32 http 403 https://registry.npmjs.org/teensy
33 verbose headers { 'content-type': 'application/json',
33 verbose headers   'cache-control': 'max-age=300',
33 verbose headers   'content-length': '95',
33 verbose headers   'accept-ranges': 'bytes',
33 verbose headers   date: 'Wed, 23 Dec 2015 21:57:44 GMT',
33 verbose headers   via: '1.1 varnish',
33 verbose headers   connection: 'keep-alive',
33 verbose headers   'x-served-by': 'cache-atl6231-ATL',
33 verbose headers   'x-cache': 'MISS',
33 verbose headers   'x-cache-hits': '0',
33 verbose headers   'x-timer': 'S1450907863.864714,VS0,VE696' }
34 verbose request invalidating /Users/wski/.npm/registry.npmjs.org/teensy on PUT
35 error publish Failed PUT 403
36 verbose stack Error: "You cannot publish over the previously published version 1.0.0." : teensy
36 verbose stack     at makeError (/usr/local/lib/node_modules/npm/node_modules/npm-registry-client/lib/request.js:264:12)
36 verbose stack     at CachingRegistryClient.<anonymous> (/usr/local/lib/node_modules/npm/node_modules/npm-registry-client/lib/request.js:252:14)
36 verbose stack     at Request._callback (/usr/local/lib/node_modules/npm/node_modules/npm-registry-client/lib/request.js:172:14)
36 verbose stack     at Request.self.callback (/usr/local/lib/node_modules/npm/node_modules/request/request.js:198:22)
36 verbose stack     at emitTwo (events.js:87:13)
36 verbose stack     at Request.emit (events.js:172:7)
36 verbose stack     at Request.<anonymous> (/usr/local/lib/node_modules/npm/node_modules/request/request.js:1082:10)
36 verbose stack     at emitOne (events.js:82:20)
36 verbose stack     at Request.emit (events.js:169:7)
36 verbose stack     at IncomingMessage.<anonymous> (/usr/local/lib/node_modules/npm/node_modules/request/request.js:1009:12)
37 verbose statusCode 403
38 verbose pkgid teensy
39 verbose cwd /Users/wski/GitHub/teensy
40 error Darwin 15.0.0
41 error argv "/usr/local/bin/iojs" "/usr/local/bin/npm" "publish"
42 error node v5.3.0
43 error npm  v3.3.12
44 error code E403
45 error "You cannot publish over the previously published version 1.0.0." : teensy
46 error If you need help, you may report this error at:
46 error     <https://github.com/npm/npm/issues>
47 verbose exit [ 1, true ]
